2020-12-09 18:58:11.317 [background-preinit] INFO  org.hibernate.validator.internal.util.Version - HV000001: Hibernate Validator 6.0.21.Final
2020-12-09 18:58:12.166 [main] INFO  com.gjf.eduservice.EduApplication - Starting EduApplication on AUTOBVT-PAN2K75 with PID 2464 (E:\idea workspace\guli-master-parent\service\service-edu\target\classes started by Administrator in E:\idea workspace\guli-master-parent)
2020-12-09 18:58:12.176 [main] INFO  com.gjf.eduservice.EduApplication - The following profiles are active: dev
2020-12-09 18:58:21.730 [main] INFO  o.s.d.r.config.RepositoryConfigurationDelegate - Multiple Spring Data modules found, entering strict repository configuration mode!
2020-12-09 18:58:21.761 [main] INFO  o.s.d.r.config.RepositoryConfigurationDelegate - Bootstrapping Spring Data Redis repositories in DEFAULT mode.
2020-12-09 18:58:22.158 [main] INFO  o.s.d.r.config.RepositoryConfigurationDelegate - Finished Spring Data repository scanning in 195ms. Found 0 Redis repository interfaces.
2020-12-09 18:58:26.780 [main] INFO  o.s.boot.web.embedded.tomcat.TomcatWebServer - Tomcat initialized with port(s): 8001 (http)
2020-12-09 18:58:26.893 [main] INFO  org.apache.coyote.http11.Http11NioProtocol - Initializing ProtocolHandler ["http-nio-8001"]
2020-12-09 18:58:26.895 [main] INFO  org.apache.catalina.core.StandardService - Starting service [Tomcat]
2020-12-09 18:58:26.896 [main] INFO  org.apache.catalina.core.StandardEngine - Starting Servlet engine: [Apache Tomcat/9.0.39]
2020-12-09 18:58:27.386 [main] INFO  o.a.c.core.ContainerBase.[Tomcat].[localhost].[/] - Initializing Spring embedded WebApplicationContext
2020-12-09 18:58:27.386 [main] INFO  o.s.b.w.s.c.ServletWebServerApplicationContext - Root WebApplicationContext: initialization completed in 14713 ms
2020-12-09 18:58:44.858 [main] INFO  com.zaxxer.hikari.HikariDataSource - HikariPool-1 - Starting...
2020-12-09 18:58:49.088 [main] INFO  com.zaxxer.hikari.HikariDataSource - HikariPool-1 - Start completed.
2020-12-09 18:58:52.134 [main] INFO  s.d.s.w.PropertySourcedRequestMappingHandlerMapping - Mapped URL path [/v2/api-docs] onto method [springfox.documentation.swagger2.web.Swagger2Controller#getDocumentation(String, HttpServletRequest)]
2020-12-09 18:58:52.406 [main] INFO  o.s.scheduling.concurrent.ThreadPoolTaskExecutor - Initializing ExecutorService 'applicationTaskExecutor'
2020-12-09 18:58:53.414 [main] INFO  s.d.s.web.plugins.DocumentationPluginsBootstrapper - Context refreshed
2020-12-09 18:58:53.434 [main] INFO  s.d.s.web.plugins.DocumentationPluginsBootstrapper - Found 1 custom documentation plugin(s)
2020-12-09 18:58:53.474 [main] INFO  s.d.spring.web.scanners.ApiListingReferenceScanner - Scanning for api listing references
2020-12-09 18:58:53.886 [main] INFO  org.apache.coyote.http11.Http11NioProtocol - Starting ProtocolHandler ["http-nio-8001"]
2020-12-09 18:58:53.926 [main] INFO  o.s.boot.web.embedded.tomcat.TomcatWebServer - Tomcat started on port(s): 8001 (http) with context path ''
2020-12-09 18:58:53.936 [main] INFO  com.gjf.eduservice.EduApplication - Started EduApplication in 48.332 seconds (JVM running for 54.473)
2020-12-09 18:59:03.248 [http-nio-8001-exec-1] INFO  o.a.c.core.ContainerBase.[Tomcat].[localhost].[/] - Initializing Spring DispatcherServlet 'dispatcherServlet'
2020-12-09 18:59:03.248 [http-nio-8001-exec-1] INFO  org.springframework.web.servlet.DispatcherServlet - Initializing Servlet 'dispatcherServlet'
2020-12-09 18:59:03.274 [http-nio-8001-exec-1] INFO  org.springframework.web.servlet.DispatcherServlet - Completed initialization in 25 ms
